<?xml version="1.0" encoding="UTF-8"?>
<!-- Generated by org.testng.reporters.JUnitXMLReporter -->
<testsuite ignored="0" hostname="W10CG753X2" failures="0" tests="5" name="Default test" time="10.066" errors="0" timestamp="2021-12-19T00:53:43 IST">
  <testcase classname="com.Blazedemo.blazedemo.testcases.Booking" name="verifyTitleOfThePage" time="0.054"/>
  <testcase classname="com.Blazedemo.blazedemo.testcases.Booking" name="submitFindFlights" time="1.477"/>
  <testcase classname="com.Blazedemo.blazedemo.testcases.Booking" name="fillReservationForm" time="1.634"/>
  <testcase classname="com.Blazedemo.blazedemo.testcases.Booking" name="captureSuccessMessage" time="0.037"/>
  <testcase classname="com.Blazedemo.blazedemo.testcases.Booking" name="assertConfirmationId" time="0.027"/>
</testsuite> <!-- Default test -->
