<?xml version="1.0" encoding="UTF-8"?>
<testng-results ignored="0" total="5" passed="5" failed="0" skipped="0">
  <reporter-output>
  </reporter-output>
  <suite started-at="2021-12-19T00:53:33 IST" name="Default suite" finished-at="2021-12-19T00:53:43 IST" duration-ms="10066">
    <groups>
    </groups>
    <test started-at="2021-12-19T00:53:33 IST" name="Default test" finished-at="2021-12-19T00:53:43 IST" duration-ms="10066">
      <class name="com.Blazedemo.blazedemo.testcases.Booking">
        <test-method is-config="true" signature="beforeClass()[pri:0, instance:com.Blazedemo.blazedemo.testcases.Booking@75437611]" started-at="2021-12-19T00:53:33 IST" name="beforeClass" finished-at="2021-12-19T00:53:39 IST" duration-ms="6464" status="PASS">
          <reporter-output>
          </reporter-output>
        </test-method> <!-- beforeClass -->
        <test-method signature="verifyTitleOfThePage()[pri:0, instance:com.Blazedemo.blazedemo.testcases.Booking@75437611]" started-at="2021-12-19T00:53:39 IST" name="verifyTitleOfThePage" finished-at="2021-12-19T00:53:40 IST" duration-ms="54" status="PASS">
          <reporter-output>
          </reporter-output>
        </test-method> <!-- verifyTitleOfThePage -->
        <test-method signature="submitFindFlights()[pri:1, instance:com.Blazedemo.blazedemo.testcases.Booking@75437611]" started-at="2021-12-19T00:53:40 IST" name="submitFindFlights" finished-at="2021-12-19T00:53:41 IST" duration-ms="1477" status="PASS">
          <reporter-output>
          </reporter-output>
        </test-method> <!-- submitFindFlights -->
        <test-method signature="fillReservationForm()[pri:2, instance:com.Blazedemo.blazedemo.testcases.Booking@75437611]" started-at="2021-12-19T00:53:41 IST" name="fillReservationForm" finished-at="2021-12-19T00:53:43 IST" depends-on-methods="com.Blazedemo.blazedemo.testcases.Booking.submitFindFlights" duration-ms="1634" status="PASS">
          <reporter-output>
          </reporter-output>
        </test-method> <!-- fillReservationForm -->
        <test-method signature="captureSuccessMessage()[pri:3, instance:com.Blazedemo.blazedemo.testcases.Booking@75437611]" started-at="2021-12-19T00:53:43 IST" name="captureSuccessMessage" finished-at="2021-12-19T00:53:43 IST" depends-on-methods="com.Blazedemo.blazedemo.testcases.Booking.fillReservationForm" duration-ms="37" status="PASS">
          <reporter-output>
          </reporter-output>
        </test-method> <!-- captureSuccessMessage -->
        <test-method signature="assertConfirmationId()[pri:4, instance:com.Blazedemo.blazedemo.testcases.Booking@75437611]" started-at="2021-12-19T00:53:43 IST" name="assertConfirmationId" finished-at="2021-12-19T00:53:43 IST" depends-on-methods="com.Blazedemo.blazedemo.testcases.Booking.captureSuccessMessage" duration-ms="27" status="PASS">
          <reporter-output>
          </reporter-output>
        </test-method> <!-- assertConfirmationId -->
        <test-method is-config="true" signature="afterClass()[pri:0, instance:com.Blazedemo.blazedemo.testcases.Booking@75437611]" started-at="2021-12-19T00:53:43 IST" name="afterClass" finished-at="2021-12-19T00:53:43 IST" duration-ms="321" status="PASS">
          <reporter-output>
          </reporter-output>
        </test-method> <!-- afterClass -->
      </class> <!-- com.Blazedemo.blazedemo.testcases.Booking -->
    </test> <!-- Default test -->
  </suite> <!-- Default suite -->
</testng-results>
